<?xml version="1.0" encoding="UTF-8"?>
<!-- Generated by org.testng.reporters.JUnitXMLReporter -->
<testsuite hostname="SDN-QA1" ignored="2" name="Default test" tests="3" failures="0" timestamp="13 Feb 2019 13:09:55 GMT" time="69.522" errors="0">
  <testcase name="Loginto" time="1.606" classname="testCases.TC001"/>
  <testcase name="create" time="25.45" classname="testCases.TC002"/>
  <testcase name="aboutMe" time="5.933" classname="testCases.TC003"/>
  <testcase name="@BeforeSuite repos" time="0.0" classname="config.Browser">
    <ignored/>
  </testcase> <!-- @BeforeSuite repos -->
  <testcase name="@BeforeSuite repos" time="0.0" classname="config.Browser">
    <ignored/>
  </testcase> <!-- @BeforeSuite repos -->
</testsuite> <!-- Default test -->
