<?xml version="1.0" encoding="UTF-8"?>
<!-- Generated by org.testng.reporters.JUnitXMLReporter -->
<testsuite hostname="SDN-QA1" ignored="2" name="Default test" tests="3" failures="0" timestamp="13 Feb 2019 05:38:28 GMT" time="111.72" errors="0">
  <testcase name="Loginto" time="1.604" classname="testCases.TC001"/>
  <testcase name="create" time="53.499" classname="testCases.TC002"/>
  <testcase name="aboutMe" time="6.062" classname="testCases.TC003"/>
  <testcase name="@BeforeSuite repos" time="0.0" classname="config.Browser">
    <ignored/>
  </testcase> <!-- @BeforeSuite repos -->
  <testcase name="@BeforeSuite repos" time="0.0" classname="config.Browser">
    <ignored/>
  </testcase> <!-- @BeforeSuite repos -->
</testsuite> <!-- Default test -->
